<?xml version="1.0" encoding="UTF-8"?>
<testng-results ignored="0" total="1" passed="1" failed="0" skipped="0">
  <reporter-output>
  </reporter-output>
  <suite started-at="2023-10-31T22:36:39 CET" name="Default suite" finished-at="2023-10-31T22:36:45 CET" duration-ms="5883">
    <groups>
    </groups>
    <test started-at="2023-10-31T22:36:39 CET" name="Default test" finished-at="2023-10-31T22:36:45 CET" duration-ms="5883">
      <class name="testcase.LoginTest">
        <test-method is-config="true" signature="setUp()[pri:0, instance:testcase.LoginTest@59474f18]" started-at="2023-10-31T22:36:39 CET" name="setUp" finished-at="2023-10-31T22:36:41 CET" duration-ms="2126" status="PASS">
          <reporter-output>
          </reporter-output>
        </test-method> <!-- setUp -->
        <test-method signature="main()[pri:0, instance:testcase.LoginTest@59474f18]" started-at="2023-10-31T22:36:41 CET" name="main" finished-at="2023-10-31T22:36:44 CET" duration-ms="3516" status="PASS">
          <reporter-output>
          </reporter-output>
        </test-method> <!-- main -->
        <test-method is-config="true" signature="tearDown()[pri:0, instance:testcase.LoginTest@59474f18]" started-at="2023-10-31T22:36:44 CET" name="tearDown" finished-at="2023-10-31T22:36:45 CET" duration-ms="172" status="PASS">
          <reporter-output>
          </reporter-output>
        </test-method> <!-- tearDown -->
      </class> <!-- testcase.LoginTest -->
    </test> <!-- Default test -->
  </suite> <!-- Default suite -->
</testng-results>
